2025-10-23T11:28:33.787Z INFO SharedStateManager initialized
2025-10-23T11:28:33.788Z INFO Is remote: false
2025-10-23T11:28:33.789Z INFO Starting Local. Installation path: undefined
2025-10-23T11:28:33.790Z INFO [MainProvider] Creating new MainProvider instance...
2025-10-23T11:28:33.792Z INFO Installation path exists: c:\Users\User\Desktop\week3AItoolsAssignment\Theoritical_Understanding
2025-10-23T11:28:33.793Z INFO Initializing database with URL: file:C:\Users\User\AppData\Local\Temp\pythagora-temp\pythagora.db
2025-10-23T11:28:33.801Z INFO Database file exists, skipping prisma generate/push for faster startup
2025-10-23T11:28:33.802Z INFO Database initialized successfully
2025-10-23T11:28:33.803Z INFO [Migration] Checking for database migration...
2025-10-23T11:28:36.739Z INFO [Migration] No migration needed
2025-10-23T11:47:38.881Z INFO Closing entire Pythagora extension...
2025-10-23T11:47:38.944Z ERROR Error closing extension
Error: Canceled
Stack: Canceled: Canceled
    at new MR (file:///c:/Users/User/AppData/Local/Programs/Microsoft%20VS%20Code/resources/app/out/vs/workbench/api/node/extensionHostProcess.js:29:116391)
    at U4.U (file:///c:/Users/User/AppData/Local/Programs/Microsoft%20VS%20Code/resources/app/out/vs/workbench/api/node/extensionHostProcess.js:29:121001)
    at Proxy.s.<computed>.n.charCodeAt.s.<computed> (file:///c:/Users/User/AppData/Local/Programs/Microsoft%20VS%20Code/resources/app/out/vs/workbench/api/node/extensionHostProcess.js:29:118495)
    at iy.g (file:///c:/Users/User/AppData/Local/Programs/Microsoft%20VS%20Code/resources/app/out/vs/workbench/api/node/extensionHostProcess.js:114:41101)
    at iy.executeCommand (file:///c:/Users/User/AppData/Local/Programs/Microsoft%20VS%20Code/resources/app/out/vs/workbench/api/node/extensionHostProcess.js:114:40605)
    at Object.executeCommand (file:///c:/Users/User/AppData/Local/Programs/Microsoft%20VS%20Code/resources/app/out/vs/workbench/api/node/extensionHostProcess.js:201:105071)
    at closeEntirePythagoraExtension (c:\Users\User\.vscode\extensions\pythagoratechnologies.pythagora-vs-code-2.5.23\out\extension.js:390:31)
    at Object.deactivate (c:\Users\User\.vscode\extensions\pythagoratechnologies.pythagora-vs-code-2.5.23\out\extension.js:295:15)
    at SZ.eb (file:///c:/Users/User/AppData/Local/Programs/Microsoft%20VS%20Code/resources/app/out/vs/workbench/api/node/extensionHostProcess.js:118:11797)
    at file:///c:/Users/User/AppData/Local/Programs/Microsoft%20VS%20Code/resources/app/out/vs/workbench/api/node/extensionHostProcess.js:118:9947
    at Array.map (<anonymous>)
    at SZ.$ (file:///c:/Users/User/AppData/Local/Programs/Microsoft%20VS%20Code/resources/app/out/vs/workbench/api/node/extensionHostProcess.js:118:9935)
    at SZ.terminate (file:///c:/Users/User/AppData/Local/Programs/Microsoft%20VS%20Code/resources/app/out/vs/workbench/api/node/extensionHostProcess.js:118:10178)
    at H3.terminate (file:///c:/Users/User/AppData/Local/Programs/Microsoft%20VS%20Code/resources/app/out/vs/workbench/api/node/extensionHostProcess.js:120:914)
    at Ss (file:///c:/Users/User/AppData/Local/Programs/Microsoft%20VS%20Code/resources/app/out/vs/workbench/api/node/extensionHostProcess.js:393:10409)
    at MessagePortMain.<anonymous> (file:///c:/Users/User/AppData/Local/Programs/Microsoft%20VS%20Code/resources/app/out/vs/workbench/api/node/extensionHostProcess.js:393:6948)
    at MessagePortMain.emit (node:events:519:28)
    at MessagePortMain.emit (node:domain:489:12)
    at Object.MessagePortMain._internalPort.emit (node:electron/js2c/utility_init:2:2949)
    at Object.topLevelDomainCallback (node:domain:161:15)
    at Object.callbackTrampoline (node:internal/async_hooks:128:24)
Extra context: {
  "message": "Canceled"
}
